<?xml version="1.0" encoding="UTF-8"?>
<!-- Generated by org.testng.reporters.JUnitReportReporter -->
<testsuite hostname="VAMSHI" failures="0" tests="1" name="testcases.TC_002Product_test" time="4.674" errors="0" timestamp="2025-02-12T15:59:10 IST" skipped="0">
  <testcase classname="testcases.TC_002Product_test" name="Product_end" time="4.674"/>
</testsuite> <!-- testcases.TC_002Product_test -->
